<?xml version="1.0" encoding="UTF-8"?>
<!-- Generated by org.testng.reporters.JUnitReportReporter -->
<testsuite skipped="0" hostname="ITs-MacBook-Pro" name="com.btb.hybrid.amazon.AmazonSearch" tests="1" failures="0" timestamp="18 Nov 2020 18:34:11 GMT" time="83.907" errors="0">
  <testcase name="searchInAmazon" time="83.907" classname="com.btb.hybrid.amazon.AmazonSearch"/>
</testsuite> <!-- com.btb.hybrid.amazon.AmazonSearch -->
